<?xml version="1.0" encoding="UTF-8"?>
<testng-results ignored="0" total="1" passed="1" failed="0" skipped="0">
  <reporter-output>
  </reporter-output>
  <suite started-at="2023-10-23T13:07:34 EET" name="Default suite" finished-at="2023-10-23T13:07:37 EET" duration-ms="2924">
    <groups>
    </groups>
    <test started-at="2023-10-23T13:07:34 EET" name="Default test" finished-at="2023-10-23T13:07:37 EET" duration-ms="2924">
      <class name="MyFristTestCase">
        <test-method is-config="true" signature="mySetup()[pri:0, instance:MyFristTestCase@2783717b]" started-at="2023-10-23T13:07:34 EET" name="mySetup" finished-at="2023-10-23T13:07:36 EET" duration-ms="2273" status="PASS">
          <reporter-output>
          </reporter-output>
        </test-method> <!-- mySetup -->
        <test-method signature="myFirstTest()[pri:0, instance:MyFristTestCase@2783717b]" started-at="2023-10-23T13:07:37 EET" name="myFirstTest" finished-at="2023-10-23T13:07:37 EET" duration-ms="483" status="PASS">
          <reporter-output>
          </reporter-output>
        </test-method> <!-- myFirstTest -->
        <test-method is-config="true" signature="myPostTesting()[pri:0, instance:MyFristTestCase@2783717b]" started-at="2023-10-23T13:07:37 EET" name="myPostTesting" finished-at="2023-10-23T13:07:37 EET" duration-ms="0" status="PASS">
          <reporter-output>
          </reporter-output>
        </test-method> <!-- myPostTesting -->
      </class> <!-- MyFristTestCase -->
    </test> <!-- Default test -->
  </suite> <!-- Default suite -->
</testng-results>
